"C:/Users/Thai/Documents/GitHub/RedPlague/Content/AnimStarterPack/UE4_Mannequin/Mesh/UE4_Mannequin_Skeleton.uasset" 0
"C:/Users/Thai/Documents/GitHub/RedPlague/Content/AnimStarterPack/BS_Jog_Pistol.uasset" 1
"C:/Users/Thai/Documents/GitHub/RedPlague/Content/AnimStarterPack/BS_Jog_Rifle.uasset" 2
"C:/Users/Thai/Documents/GitHub/RedPlague/Content/AnimStarterPack/BS_Jog.uasset" 3
"C:/Users/Thai/Documents/GitHub/RedPlague/Content/AnimStarterPack/UE4ASP_HeroTPP_AnimBlueprint.uasset" 4
"C:/Users/Thai/Documents/GitHub/RedPlague/Content/AnimStarterPack/Animations/Aim_Space_Hip.uasset" 5
"C:/Users/Thai/Documents/GitHub/RedPlague/Content/AnimStarterPack/Animations/Aim_Space_Ironsights.uasset" 6
"C:/Users/Thai/Documents/GitHub/RedPlague/Content/AnimStarterPack/Animations/Jog_Bwd_Rifle.uasset" 7
"C:/Users/Thai/Documents/GitHub/RedPlague/Content/AnimStarterPack/Animations/Jog_Fwd_Rifle.uasset" 8
"C:/Users/Thai/Documents/GitHub/RedPlague/Content/AnimStarterPack/Animations/Jog_Lt_Rifle.uasset" 9
"C:/Users/Thai/Documents/GitHub/RedPlague/Content/AnimStarterPack/Animations/Jog_Rt_Rifle.uasset" 10
"C:/Users/Thai/Documents/GitHub/RedPlague/Content/AnimStarterPack/Animations/BS_Jog_Pistol.uasset" 11
"C:/Users/Thai/Documents/GitHub/RedPlague/Content/AnimStarterPack/Animations/BS_Jog_Rifle.uasset" 12
"C:/Users/Thai/Documents/GitHub/RedPlague/Content/AnimStarterPack/Animations/Crouch_to_Stand_Rifle_Hip.uasset" 13
"C:/Users/Thai/Documents/GitHub/RedPlague/Content/AnimStarterPack/Animations/Crouch_to_Stand_Rifle_Ironsights.uasset" 14
"C:/Users/Thai/Documents/GitHub/RedPlague/Content/AnimStarterPack/Animations/Crouch_Walk_Bwd_Rifle_Ironsights.uasset" 15
"C:/Users/Thai/Documents/GitHub/RedPlague/Content/AnimStarterPack/Animations/Crouch_Walk_Lt_Rifle_Ironsights.uasset" 16
"C:/Users/Thai/Documents/GitHub/RedPlague/Content/AnimStarterPack/Animations/Crouch_Walk_Rt_Rifle_Ironsights.uasset" 17
"C:/Users/Thai/Documents/GitHub/RedPlague/Content/AnimStarterPack/Animations/Death_1.uasset" 18
"C:/Users/Thai/Documents/GitHub/RedPlague/Content/AnimStarterPack/Animations/Death_2.uasset" 19
"C:/Users/Thai/Documents/GitHub/RedPlague/Content/AnimStarterPack/Animations/Death_3.uasset" 20
"C:/Users/Thai/Documents/GitHub/RedPlague/Content/AnimStarterPack/Animations/Death_Ironsights_1.uasset" 21
"C:/Users/Thai/Documents/GitHub/RedPlague/Content/AnimStarterPack/Animations/Death_Ironsights_2.uasset" 22
"C:/Users/Thai/Documents/GitHub/RedPlague/Content/AnimStarterPack/Animations/Equip_Rifle_Standing.uasset" 23
"C:/Users/Thai/Documents/GitHub/RedPlague/Content/AnimStarterPack/Animations/Fire_Rifle_Hip.uasset" 24
"C:/Users/Thai/Documents/GitHub/RedPlague/Content/AnimStarterPack/Animations/Fire_Shotgun_Hip.uasset" 25
"C:/Users/Thai/Documents/GitHub/RedPlague/Content/AnimStarterPack/Animations/Fire_Shotgun_Ironsights.uasset" 26
"C:/Users/Thai/Documents/GitHub/RedPlague/Content/AnimStarterPack/Animations/Hit_React_4.uasset" 27
"C:/Users/Thai/Documents/GitHub/RedPlague/Content/AnimStarterPack/Animations/Idle_Rifle_Ironsights.uasset" 28
"C:/Users/Thai/Documents/GitHub/RedPlague/Content/AnimStarterPack/Animations/Jump_From_Jog.uasset" 29
"C:/Users/Thai/Documents/GitHub/RedPlague/Content/AnimStarterPack/Animations/Jump_From_Stand.uasset" 30
"C:/Users/Thai/Documents/GitHub/RedPlague/Content/AnimStarterPack/Animations/Jump_From_Stand_Ironsights.uasset" 31
"C:/Users/Thai/Documents/GitHub/RedPlague/Content/AnimStarterPack/Animations/Prone_Death_1.uasset" 32
"C:/Users/Thai/Documents/GitHub/RedPlague/Content/AnimStarterPack/Animations/Prone_Death_2.uasset" 33
"C:/Users/Thai/Documents/GitHub/RedPlague/Content/AnimStarterPack/Animations/Prone_Fire_1.uasset" 34
"C:/Users/Thai/Documents/GitHub/RedPlague/Content/AnimStarterPack/Animations/Prone_Fire_2.uasset" 35
"C:/Users/Thai/Documents/GitHub/RedPlague/Content/AnimStarterPack/Animations/Prone_Idle.uasset" 36
"C:/Users/Thai/Documents/GitHub/RedPlague/Content/AnimStarterPack/Animations/Prone_Reload_Rifle.uasset" 37
"C:/Users/Thai/Documents/GitHub/RedPlague/Content/AnimStarterPack/Animations/Prone_Reload_Shotgun.uasset" 38
"C:/Users/Thai/Documents/GitHub/RedPlague/Content/AnimStarterPack/Animations/Prone_To_Stand.uasset" 39
"C:/Users/Thai/Documents/GitHub/RedPlague/Content/AnimStarterPack/Animations/Reload_Pistol.uasset" 40
"C:/Users/Thai/Documents/GitHub/RedPlague/Content/AnimStarterPack/Animations/Reload_Rifle_Ironsights.uasset" 41
"C:/Users/Thai/Documents/GitHub/RedPlague/Content/AnimStarterPack/Animations/Reload_Shotgun_Hip.uasset" 42
"C:/Users/Thai/Documents/GitHub/RedPlague/Content/AnimStarterPack/Animations/Reload_Shotgun_Ironsights.uasset" 43
"C:/Users/Thai/Documents/GitHub/RedPlague/Content/AnimStarterPack/Animations/Stand_to_Crouch_Rifle_Hip.uasset" 44
"C:/Users/Thai/Documents/GitHub/RedPlague/Content/AnimStarterPack/Animations/Stand_to_Crouch_Rifle_Ironsights.uasset" 45
"C:/Users/Thai/Documents/GitHub/RedPlague/Content/AnimStarterPack/Animations/Stand_To_Prone.uasset" 46
"C:/Users/Thai/Documents/GitHub/RedPlague/Content/AnimStarterPack/Animations/Crouch_Idle_Rifle_Hip.uasset" 47
"C:/Users/Thai/Documents/GitHub/RedPlague/Content/AnimStarterPack/Animations/Idle_Pistol.uasset" 48
"C:/Users/Thai/Documents/GitHub/RedPlague/Content/AnimStarterPack/Animations/Idle_Rifle_Hip.uasset" 49
"C:/Users/Thai/Documents/GitHub/RedPlague/Content/AnimStarterPack/Animations/Sprint_Fwd_Rifle.uasset" 50
"C:/Users/Thai/Documents/GitHub/RedPlague/Content/AnimStarterPack/Animations/Crouch_Walk_Bwd_Rifle_Hip.uasset" 51
"C:/Users/Thai/Documents/GitHub/RedPlague/Content/AnimStarterPack/Animations/Crouch_Walk_Fwd_Rifle_Hip.uasset" 52
"C:/Users/Thai/Documents/GitHub/RedPlague/Content/AnimStarterPack/Animations/Crouch_Walk_Lt_Rifle_Hip.uasset" 53
"C:/Users/Thai/Documents/GitHub/RedPlague/Content/AnimStarterPack/Animations/Crouch_Walk_Rt_Rifle_Hip.uasset" 54
"C:/Users/Thai/Documents/GitHub/RedPlague/Content/AnimStarterPack/Animations/BS_CrouchWalk.uasset" 55
"C:/Users/Thai/Documents/GitHub/RedPlague/Content/AnimStarterPack/Animations/BS_Jog.uasset" 56
"C:/Users/Thai/Documents/GitHub/RedPlague/Content/Mannequin/Character/Mesh/UE4_Mannequin_Skeleton.uasset" 57
"C:/Users/Thai/Documents/GitHub/RedPlague/Content/Mannequin/Animations/ThirdPerson_Jump.uasset" 58
"C:/Users/Thai/Documents/GitHub/RedPlague/Content/Mannequin/Animations/ThirdPersonJump_Loop.uasset" 59
"C:/Users/Thai/Documents/GitHub/RedPlague/Content/Mannequin/Animations/ThirdPersonJump_Start.uasset" 60
"C:/Users/Thai/Documents/GitHub/RedPlague/Content/Mannequin/Animations/ThirdPersonIdle.uasset" 61
"C:/Users/Thai/Documents/GitHub/RedPlague/Content/Mannequin/Animations/ThirdPersonRun.uasset" 62
"C:/Users/Thai/Documents/GitHub/RedPlague/Content/Mannequin/Animations/ThirdPersonWalk.uasset" 63
"C:/Users/Thai/Documents/GitHub/RedPlague/Content/Mannequin/Animations/ThirdPerson_IdleRun_2D.uasset" 64
"../../../Engine/Content/EditorBlueprintResources/StandardMacros.uasset" 65
"C:/Users/Thai/Documents/GitHub/RedPlague/Content/Mannequin/Animations/ThirdPerson_AnimBP.uasset" 66
"../../../Engine/Content/Functions/Engine_MaterialFunctions01/WorldPositionOffset/SimpleGrassWind.uasset" 67
"../../../Engine/Content/Functions/Engine_MaterialFunctions02/Texturing/ScreenAlignedPixelToPixelUVs.uasset" 68
"../../../Engine/Content/EngineMaterials/Good64x64TilingNoiseHighFreq.uasset" 69
"../../../Engine/Content/Functions/Engine_MaterialFunctions02/Utility/DitherTemporalAA.uasset" 70
"../../../Engine/Content/MaterialTemplates/Textures/T_Noise01.uasset" 71
"C:/Users/Thai/Documents/GitHub/RedPlague/Content/StarterContent/Textures/T_Metal_Rust_D.uasset" 72
"C:/Users/Thai/Documents/GitHub/RedPlague/Content/StarterContent/Textures/T_Metal_Rust_N.uasset" 73
"C:/Users/Thai/Documents/GitHub/RedPlague/Content/Geometry/Materials/RedInfection_Medium.uasset" 74
"../../../Engine/Content/EditorMeshes/ArcadeEditorSphere.uasset" 75
"C:/Users/Thai/Documents/GitHub/RedPlague/Content/Environment/Red_Glob.uasset" 76
"../../../Engine/Content/Functions/Engine_MaterialFunctions01/Gradient/LinearGradient.uasset" 77
"../../../Engine/Content/Functions/Engine_MaterialFunctions01/ImageAdjustment/CheapContrast.uasset" 78
"../../../Engine/Content/Engine_MI_Shaders/Textures/Bokeh.uasset" 79
"C:/Users/Thai/Documents/GitHub/RedPlague/Content/Geometry/Materials/RedGlow.uasset" 80
"C:/Users/Thai/Documents/GitHub/RedPlague/Content/Geometry/Materials/RedInfection_Small.uasset" 81
"C:/Users/Thai/Documents/GitHub/RedPlague/Content/Geometry/Materials/RedInfection_Static.uasset" 82
"../../../Engine/Content/Functions/Engine_MaterialFunctions02/Utility/BlendAngleCorrectedNormals.uasset" 83
"../../../Engine/Content/Functions/MaterialLayerFunctions/MatLayerBlend_NormalBlend.uasset" 84
"../../../Engine/Content/Functions/MaterialLayerFunctions/MatLayerBlend_Simple.uasset" 85
"C:/Users/Thai/Documents/GitHub/RedPlague/Content/Mannequin/Character/Materials/MaterialLayers/T_ML_Rubber_Blue_01_D.uasset" 86
"C:/Users/Thai/Documents/GitHub/RedPlague/Content/Mannequin/Character/Materials/MaterialLayers/T_ML_Rubber_Blue_01_N.uasset" 87
"C:/Users/Thai/Documents/GitHub/RedPlague/Content/Mannequin/Character/Materials/MaterialLayers/ML_GlossyBlack_Latex_UE4.uasset" 88
"C:/Users/Thai/Documents/GitHub/RedPlague/Content/Mannequin/Character/Materials/MaterialLayers/ML_Plastic_Shiny_Beige.uasset" 89
"C:/Users/Thai/Documents/GitHub/RedPlague/Content/Mannequin/Character/Textures/UE4_LOGO_CARD.uasset" 90
"C:/Users/Thai/Documents/GitHub/RedPlague/Content/Mannequin/Character/Materials/MaterialLayers/ML_Plastic_Shiny_Beige_LOGO.uasset" 91
"C:/Users/Thai/Documents/GitHub/RedPlague/Content/Mannequin/Character/Materials/MaterialLayers/T_ML_Aluminum01.uasset" 92
"C:/Users/Thai/Documents/GitHub/RedPlague/Content/Mannequin/Character/Materials/MaterialLayers/T_ML_Aluminum01_N.uasset" 93
"C:/Users/Thai/Documents/GitHub/RedPlague/Content/Mannequin/Character/Materials/MaterialLayers/ML_SoftMetal_UE4.uasset" 94
"C:/Users/Thai/Documents/GitHub/RedPlague/Content/Mannequin/Character/Textures/UE4_Mannequin__normals.uasset" 95
"C:/Users/Thai/Documents/GitHub/RedPlague/Content/Mannequin/Character/Textures/UE4_Mannequin_MAT_MASKA.uasset" 96
"C:/Users/Thai/Documents/GitHub/RedPlague/Content/Mannequin/Character/Materials/M_UE4Man_Body.uasset" 97
"C:/Users/Thai/Documents/GitHub/RedPlague/Content/Mannequin/Character/Textures/UE4Man_Logo_N.uasset" 98
"C:/Users/Thai/Documents/GitHub/RedPlague/Content/Mannequin/Character/Materials/M_UE4Man_ChestLogo.uasset" 99
"C:/Users/Thai/Documents/GitHub/RedPlague/Content/Mannequin/Character/Mesh/SK_Mannequin_PhysicsAsset.uasset" 100
"C:/Users/Thai/Documents/GitHub/RedPlague/Content/Mannequin/Character/Mesh/SK_Mannequin.uasset" 101
"C:/Users/Thai/Documents/GitHub/RedPlague/Content/AI/Enemies/BaseRed.uasset" 102
"C:/Users/Thai/Documents/GitHub/RedPlague/Content/Geometry/Materials/Bullet_Glow.uasset" 103
"../../../Engine/Content/Functions/Engine_MaterialFunctions01/Opacity/CameraDepthFade.uasset" 104
"../../../Engine/Content/EngineMaterials/T_Default_Material_Grid_M.uasset" 105
"../../../Engine/Content/EngineMaterials/T_Default_Material_Grid_N.uasset" 106
"../../../Engine/Content/EngineMaterials/DefaultMaterial.uasset" 107
"../../../Engine/Content/BasicShapes/Sphere.uasset" 108
"C:/Users/Thai/Documents/GitHub/RedPlague/Content/StarterContent/Textures/T_Burst_M.uasset" 109
"C:/Users/Thai/Documents/GitHub/RedPlague/Content/StarterContent/Particles/Materials/M_Burst.uasset" 110
"C:/Users/Thai/Documents/GitHub/RedPlague/Content/StarterContent/Textures/T_Explosion_SubUV.uasset" 111
"C:/Users/Thai/Documents/GitHub/RedPlague/Content/StarterContent/Particles/Materials/M_explosion_subUV.uasset" 112
"C:/Users/Thai/Documents/GitHub/RedPlague/Content/StarterContent/Particles/Materials/m_flare_01.uasset" 113
"../../../Engine/Content/Functions/Engine_MaterialFunctions01/Gradient/RadialGradient.uasset" 114
"C:/Users/Thai/Documents/GitHub/RedPlague/Content/StarterContent/Particles/Materials/M_radial_ramp.uasset" 115
"C:/Users/Thai/Documents/GitHub/RedPlague/Content/StarterContent/Textures/T_Smoke_SubUV.uasset" 116
"C:/Users/Thai/Documents/GitHub/RedPlague/Content/StarterContent/Textures/T_Smoke_Tiled_D.uasset" 117
"C:/Users/Thai/Documents/GitHub/RedPlague/Content/StarterContent/Particles/Materials/M_smoke_subUV.uasset" 118
"C:/Users/Thai/Documents/GitHub/RedPlague/Content/StarterContent/Particles/P_Explosion.uasset" 119
"C:/Users/Thai/Documents/GitHub/RedPlague/Content/Weapons/Projectiles/Master_Projectile.uasset" 120
"C:/Users/Thai/Documents/GitHub/RedPlague/Content/Weapons/Weapon_Base.uasset" 121
"C:/Users/Thai/Documents/GitHub/RedPlague/Content/Geometry/Meshes/CubeMaterial.uasset" 122
"C:/Users/Thai/Documents/GitHub/RedPlague/Content/Geometry/Meshes/1M_Cube.uasset" 123
"C:/Users/Thai/Documents/GitHub/RedPlague/Content/Weapons/Projectiles/Projectile_Arrow.uasset" 124
"C:/Users/Thai/Documents/GitHub/RedPlague/Content/StarterContent/Materials/M_Basic_Wall.uasset" 125
"C:/Users/Thai/Documents/GitHub/RedPlague/Content/StarterContent/Shapes/Shape_Cone.uasset" 126
"C:/Users/Thai/Documents/GitHub/RedPlague/Content/Weapons/Weapon_Bat.uasset" 127
"C:/Users/Thai/Documents/GitHub/RedPlague/Content/Weapons/Weapon_Bow.uasset" 128
"../../../Engine/Content/EngineMaterials/WorldGridMaterial.uasset" 129
"C:/Users/Thai/Documents/GitHub/RedPlague/Content/StarterContent/Props/MaterialSphere.uasset" 130
"C:/Users/Thai/Documents/GitHub/RedPlague/Content/Weapons/Projectiles/Projectile_Grenade.uasset" 131
"C:/Users/Thai/Documents/GitHub/RedPlague/Content/Weapons/Weapon_Grenade.uasset" 132
"C:/Users/Thai/Documents/GitHub/RedPlague/Content/Weapons/Projectiles/Projectile_PistolBullet.uasset" 133
"C:/Users/Thai/Documents/GitHub/RedPlague/Content/SFX/PistolShot.uasset" 134
"C:/Users/Thai/Documents/GitHub/RedPlague/Content/Weapons/Weapon_Pistol.uasset" 135
"C:/Users/Thai/Documents/GitHub/RedPlague/Content/Weapons/Projectiles/Projectile_RifleBullet.uasset" 136
"C:/Users/Thai/Documents/GitHub/RedPlague/Content/SFX/RifleShot.uasset" 137
"C:/Users/Thai/Documents/GitHub/RedPlague/Content/Weapons/Weapon_Rifle.uasset" 138
"../../../Engine/Content/Functions/MaterialLayerFunctions/MatLayerBlend_AO.uasset" 139
"C:/Users/Thai/Documents/GitHub/RedPlague/Content/AnimStarterPack/UE4_Mannequin/Materials/MaterialLayers/T_ML_Rubber_Blue_01_D.uasset" 140
"C:/Users/Thai/Documents/GitHub/RedPlague/Content/AnimStarterPack/UE4_Mannequin/Materials/MaterialLayers/T_ML_Rubber_Blue_01_N.uasset" 141
"C:/Users/Thai/Documents/GitHub/RedPlague/Content/AnimStarterPack/UE4_Mannequin/Materials/MaterialLayers/ML_GlossyBlack_Latex_UE4.uasset" 142
"C:/Users/Thai/Documents/GitHub/RedPlague/Content/AnimStarterPack/UE4_Mannequin/Materials/MaterialLayers/ML_Plastic_Shiny_Beige.uasset" 143
"C:/Users/Thai/Documents/GitHub/RedPlague/Content/AnimStarterPack/UE4_Mannequin/Textures/UE4_LOGO_CARD.uasset" 144
"C:/Users/Thai/Documents/GitHub/RedPlague/Content/AnimStarterPack/UE4_Mannequin/Materials/MaterialLayers/ML_Plastic_Shiny_Beige_LOGO.uasset" 145
"C:/Users/Thai/Documents/GitHub/RedPlague/Content/AnimStarterPack/UE4_Mannequin/Materials/MaterialLayers/T_ML_Aluminum01.uasset" 146
"C:/Users/Thai/Documents/GitHub/RedPlague/Content/AnimStarterPack/UE4_Mannequin/Materials/MaterialLayers/T_ML_Aluminum01_N.uasset" 147
"C:/Users/Thai/Documents/GitHub/RedPlague/Content/AnimStarterPack/UE4_Mannequin/Materials/MaterialLayers/ML_SoftMetal_UE4.uasset" 148
"C:/Users/Thai/Documents/GitHub/RedPlague/Content/AnimStarterPack/UE4_Mannequin/Textures/UE4_Mannequin__normals.uasset" 149
"C:/Users/Thai/Documents/GitHub/RedPlague/Content/AnimStarterPack/UE4_Mannequin/Textures/UE4_Mannequin_MAT_MASKA.uasset" 150
"C:/Users/Thai/Documents/GitHub/RedPlague/Content/AnimStarterPack/UE4_Mannequin/Textures/UE4_Mannequin_occlusion_Mobile.uasset" 151
"C:/Users/Thai/Documents/GitHub/RedPlague/Content/AnimStarterPack/UE4_Mannequin/Materials/M_UE4Man_Body.uasset" 152
"C:/Users/Thai/Documents/GitHub/RedPlague/Content/AnimStarterPack/UE4_Mannequin/Textures/UE4Man_Logo_N.uasset" 153
"C:/Users/Thai/Documents/GitHub/RedPlague/Content/AnimStarterPack/UE4_Mannequin/Materials/M_UE4Man_ChestLogo.uasset" 154
"C:/Users/Thai/Documents/GitHub/RedPlague/Content/AnimStarterPack/UE4_Mannequin/Mesh/SK_Mannequin_PhysicsAsset.uasset" 155
"C:/Users/Thai/Documents/GitHub/RedPlague/Content/AnimStarterPack/UE4_Mannequin/Mesh/SK_Mannequin.uasset" 156
"C:/Users/Thai/Documents/GitHub/RedPlague/Content/UI/Images/Chasing.uasset" 157
"C:/Users/Thai/Documents/GitHub/RedPlague/Content/UI/Images/CrazyArm.uasset" 158
"C:/Users/Thai/Documents/GitHub/RedPlague/Content/UI/Images/MainMenu.uasset" 159
"C:/Users/Thai/Documents/GitHub/RedPlague/Content/UI/Images/WrongNeighbourhood.uasset" 160
"C:/Users/Thai/Documents/GitHub/RedPlague/Content/UI/Images/Multiplayer.uasset" 161
"C:/Users/Thai/Documents/GitHub/RedPlague/Content/UI/Online_WIDGET.uasset" 162
"C:/Users/Thai/Documents/GitHub/RedPlague/Content/UI/Options_WIDGET.uasset" 163
"C:/Users/Thai/Documents/GitHub/RedPlague/Content/UI/Images/Singleplayer.uasset" 164
"C:/Users/Thai/Documents/GitHub/RedPlague/Content/UI/SinglePlayer_WIDGET.uasset" 165
"C:/Users/Thai/Documents/GitHub/RedPlague/Content/UI/MainMenu_WIDGET.uasset" 166
"C:/Users/Thai/Documents/GitHub/RedPlague/Content/UI/Inventory_WIDGET.uasset" 167
"C:/Users/Thai/Documents/GitHub/RedPlague/Content/ThirdPersonBP/Blueprints/Main_GameInstance.uasset" 168
"C:/Users/Thai/Documents/GitHub/RedPlague/Content/UI/Player_WIDGET.uasset" 169
"C:/Users/Thai/Documents/GitHub/RedPlague/Content/Weapons/Crosshair/Crosshair_TX.uasset" 170
"C:/Users/Thai/Documents/GitHub/RedPlague/Content/Weapons/Crosshair/Crosshair.uasset" 171
"C:/Users/Thai/Documents/GitHub/RedPlague/Content/Weapons/Weapons_ENUM.uasset" 172
"C:/Users/Thai/Documents/GitHub/RedPlague/Content/ThirdPersonBP/Blueprints/ThirdPersonCharacter.uasset" 173
"C:/Users/Thai/Documents/GitHub/RedPlague/Content/SFX/Footstep1.uasset" 174
"C:/Users/Thai/Documents/GitHub/RedPlague/Content/SFX/Footstep3.uasset" 175
"C:/Users/Thai/Documents/GitHub/RedPlague/Content/SFX/Footstep4.uasset" 176
"C:/Users/Thai/Documents/GitHub/RedPlague/Content/AnimStarterPack/PlayerAnim.uasset" 177
"C:/Users/Thai/Documents/GitHub/RedPlague/Content/AnimStarterPack/Animations/Ue4ASP_Character.uasset" 178
"C:/Users/Thai/Documents/GitHub/RedPlague/Content/AnimStarterPack/Animations/Walk_Bwd_Rifle_Ironsights.uasset" 179
"C:/Users/Thai/Documents/GitHub/RedPlague/Content/AnimStarterPack/Animations/Walk_Lt_Rifle_Ironsights.uasset" 180
"C:/Users/Thai/Documents/GitHub/RedPlague/Content/AnimStarterPack/Animations/Walk_Rt_Rifle_Ironsights.uasset" 181
"C:/Users/Thai/Documents/GitHub/RedPlague/Content/Environment/Map_Original.uasset" 182
"C:/Users/Thai/Documents/GitHub/RedPlague/Content/Environment/Map_Origina_1.uasset" 183
"C:/Users/Thai/Documents/GitHub/RedPlague/Content/Geometry/Meshes/1M_Cube_Chamfer.uasset" 184
"C:/Users/Thai/Documents/GitHub/RedPlague/Content/Geometry/Meshes/Pickups/Box/Box_Texture_3.uasset" 185
"C:/Users/Thai/Documents/GitHub/RedPlague/Content/Geometry/Meshes/Pickups/Box/Box_material.uasset" 186
"C:/Users/Thai/Documents/GitHub/RedPlague/Content/Geometry/Meshes/Pickups/Box/Box_Texture_1.uasset" 187
"C:/Users/Thai/Documents/GitHub/RedPlague/Content/Geometry/Meshes/Pickups/Box/Box_material_1.uasset" 188
"C:/Users/Thai/Documents/GitHub/RedPlague/Content/Geometry/Meshes/Pickups/Box/Box_Texture_2.uasset" 189
"C:/Users/Thai/Documents/GitHub/RedPlague/Content/Geometry/Meshes/Pickups/Box/Box_material_2.uasset" 190
"C:/Users/Thai/Documents/GitHub/RedPlague/Content/Geometry/Meshes/Pickups/Box/Box_material_3.uasset" 191
"C:/Users/Thai/Documents/GitHub/RedPlague/Content/Geometry/Meshes/Pickups/Box/Box_Mesh.uasset" 192
"C:/Users/Thai/Documents/GitHub/RedPlague/Content/Geometry/Meshes/Pickups/Can/Can_Texture_2.uasset" 193
"C:/Users/Thai/Documents/GitHub/RedPlague/Content/Geometry/Meshes/Pickups/Can/Can_material.uasset" 194
"C:/Users/Thai/Documents/GitHub/RedPlague/Content/Geometry/Meshes/Pickups/Can/Can_Texture_1.uasset" 195
"C:/Users/Thai/Documents/GitHub/RedPlague/Content/Geometry/Meshes/Pickups/Can/Can_material_1.uasset" 196
"C:/Users/Thai/Documents/GitHub/RedPlague/Content/Geometry/Meshes/Pickups/Can/Can_material_2.uasset" 197
"C:/Users/Thai/Documents/GitHub/RedPlague/Content/Geometry/Meshes/Pickups/Can/Can_Mesh.uasset" 198
"C:/Users/Thai/Documents/GitHub/RedPlague/Content/Geometry/Meshes/Pickups/Crate/Crate_Texture_2.uasset" 199
"C:/Users/Thai/Documents/GitHub/RedPlague/Content/Geometry/Meshes/Pickups/Crate/Crate_material.uasset" 200
"C:/Users/Thai/Documents/GitHub/RedPlague/Content/Geometry/Meshes/Pickups/Crate/Crate_Texture_1.uasset" 201
"C:/Users/Thai/Documents/GitHub/RedPlague/Content/Geometry/Meshes/Pickups/Crate/Crate_material_1.uasset" 202
"C:/Users/Thai/Documents/GitHub/RedPlague/Content/Geometry/Meshes/Pickups/Crate/Crate_material_2.uasset" 203
"C:/Users/Thai/Documents/GitHub/RedPlague/Content/Geometry/Meshes/Pickups/Crate/Crate_Mesh.uasset" 204
"C:/Users/Thai/Documents/GitHub/RedPlague/Content/Geometry/Meshes/Pickups/LampPost/LampPost_material.uasset" 205
"C:/Users/Thai/Documents/GitHub/RedPlague/Content/Geometry/Meshes/Pickups/LampPost/LampPost_Mesh.uasset" 206
"C:/Users/Thai/Documents/GitHub/RedPlague/Content/Geometry/Meshes/Pickups/LampPost/LampPost.uasset" 207
"C:/Users/Thai/Documents/GitHub/RedPlague/Content/StarterContent/Textures/T_Wood_Floor_Walnut_D.uasset" 208
"C:/Users/Thai/Documents/GitHub/RedPlague/Content/StarterContent/Textures/T_Wood_Oak_D.uasset" 209
"C:/Users/Thai/Documents/GitHub/RedPlague/Content/StarterContent/Textures/T_Wood_Oak_N.uasset" 210
"C:/Users/Thai/Documents/GitHub/RedPlague/Content/Geometry/Meshes/Pickups/Plank/Plank_material.uasset" 211
"C:/Users/Thai/Documents/GitHub/RedPlague/Content/Geometry/Meshes/Pickups/Plank/Planks_Mesh.uasset" 212
"C:/Users/Thai/Documents/GitHub/RedPlague/Content/StarterContent/Textures/T_Metal_Steel_N.uasset" 213
"C:/Users/Thai/Documents/GitHub/RedPlague/Content/Geometry/Meshes/Pickups/Sheets/metalSheet_material.uasset" 214
"C:/Users/Thai/Documents/GitHub/RedPlague/Content/Geometry/Meshes/Pickups/Sheets/Sheets_Mesh.uasset" 215
"C:/Users/Thai/Documents/GitHub/RedPlague/Content/Mannequin/Animations/ThirdPersonJump_End.uasset" 216
"C:/Users/Thai/Documents/GitHub/RedPlague/Content/SFX/Footstep2.uasset" 217
"C:/Users/Thai/Documents/GitHub/RedPlague/Content/StarterContent/Architecture/Pillar_50x500.uasset" 218
"C:/Users/Thai/Documents/GitHub/RedPlague/Content/StarterContent/Architecture/Wall_400x300.uasset" 219
"C:/Users/Thai/Documents/GitHub/RedPlague/Content/StarterContent/Architecture/Wall_400x400.uasset" 220
"C:/Users/Thai/Documents/GitHub/RedPlague/Content/StarterContent/Architecture/Wall_500x500.uasset" 221
"C:/Users/Thai/Documents/GitHub/RedPlague/Content/StarterContent/Architecture/Wall_Door_400x400.uasset" 222
"C:/Users/Thai/Documents/GitHub/RedPlague/Content/StarterContent/Architecture/Wall_Window_400x400.uasset" 223
"C:/Users/Thai/Documents/GitHub/RedPlague/Content/StarterContent/Audio/Collapse01.uasset" 224
"C:/Users/Thai/Documents/GitHub/RedPlague/Content/StarterContent/Audio/Collapse02.uasset" 225
"C:/Users/Thai/Documents/GitHub/RedPlague/Content/StarterContent/Audio/Explosion01.uasset" 226
"C:/Users/Thai/Documents/GitHub/RedPlague/Content/StarterContent/Audio/Explosion02.uasset" 227
"C:/Users/Thai/Documents/GitHub/RedPlague/Content/StarterContent/Audio/Fire01.uasset" 228
"C:/Users/Thai/Documents/GitHub/RedPlague/Content/StarterContent/Audio/Fire_Sparks01.uasset" 229
"C:/Users/Thai/Documents/GitHub/RedPlague/Content/StarterContent/Audio/Light01.uasset" 230
"C:/Users/Thai/Documents/GitHub/RedPlague/Content/StarterContent/Audio/Light01_Cue.uasset" 231
"C:/Users/Thai/Documents/GitHub/RedPlague/Content/StarterContent/Audio/Light02.uasset" 232
"C:/Users/Thai/Documents/GitHub/RedPlague/Content/StarterContent/Audio/Light02_Cue.uasset" 233
"C:/Users/Thai/Documents/GitHub/RedPlague/Content/StarterContent/Audio/Smoke01.uasset" 234
"C:/Users/Thai/Documents/GitHub/RedPlague/Content/StarterContent/Audio/Starter_Birds01.uasset" 235
"C:/Users/Thai/Documents/GitHub/RedPlague/Content/StarterContent/Audio/Starter_Music01.uasset" 236
"C:/Users/Thai/Documents/GitHub/RedPlague/Content/StarterContent/Audio/Starter_Wind05.uasset" 237
"C:/Users/Thai/Documents/GitHub/RedPlague/Content/StarterContent/Audio/Starter_Wind06.uasset" 238
"C:/Users/Thai/Documents/GitHub/RedPlague/Content/StarterContent/Audio/Steam01.uasset" 239
"C:/Users/Thai/Documents/GitHub/RedPlague/Content/StarterContent/Audio/Explosion_Cue.uasset" 240
"C:/Users/Thai/Documents/GitHub/RedPlague/Content/StarterContent/Blueprints/Blueprint_Effect_Explosion.uasset" 241
"../../../Engine/Content/EditorMeshes/ColorCalibrator/T_ColorGrid.uasset" 242
"C:/Users/Thai/Documents/GitHub/RedPlague/Content/StarterContent/Materials/M_ColorGrid_LowSpec.uasset" 243
"C:/Users/Thai/Documents/GitHub/RedPlague/Content/StarterContent/Textures/T_Chair_M.uasset" 244
"C:/Users/Thai/Documents/GitHub/RedPlague/Content/StarterContent/Textures/T_Chair_N.uasset" 245
"C:/Users/Thai/Documents/GitHub/RedPlague/Content/StarterContent/Props/Materials/M_Chair.uasset" 246
"C:/Users/Thai/Documents/GitHub/RedPlague/Content/StarterContent/Props/SM_Couch.uasset" 247
"C:/Users/Thai/Documents/GitHub/RedPlague/Content/StarterContent/Materials/M_Glass.uasset" 248
"C:/Users/Thai/Documents/GitHub/RedPlague/Content/StarterContent/Textures/T_Door_M.uasset" 249
"C:/Users/Thai/Documents/GitHub/RedPlague/Content/StarterContent/Textures/T_Door_N.uasset" 250
"C:/Users/Thai/Documents/GitHub/RedPlague/Content/StarterContent/Props/Materials/M_Door.uasset" 251
"C:/Users/Thai/Documents/GitHub/RedPlague/Content/StarterContent/Props/SM_Door.uasset" 252
"C:/Users/Thai/Documents/GitHub/RedPlague/Content/StarterContent/Props/Materials/M_MaterialSphere.uasset" 253
"C:/Users/Thai/Documents/GitHub/RedPlague/Content/StarterContent/Props/Materials/M_MaterialSphere_Plain.uasset" 254
"C:/Users/Thai/Documents/GitHub/RedPlague/Content/StarterContent/Props/SM_MatPreviewMesh_02.uasset" 255
"C:/Users/Thai/Documents/GitHub/RedPlague/Content/StarterContent/Textures/T_Detail_Rocky_N.uasset" 256
"C:/Users/Thai/Documents/GitHub/RedPlague/Content/StarterContent/Textures/T_Rock_Basalt_D.uasset" 257
"C:/Users/Thai/Documents/GitHub/RedPlague/Content/StarterContent/Textures/T_RockMesh_M.uasset" 258
"C:/Users/Thai/Documents/GitHub/RedPlague/Content/StarterContent/Textures/T_RockMesh_N.uasset" 259
"C:/Users/Thai/Documents/GitHub/RedPlague/Content/StarterContent/Props/Materials/M_Rock.uasset" 260
"C:/Users/Thai/Documents/GitHub/RedPlague/Content/StarterContent/Props/SM_Rock.uasset" 261
"C:/Users/Thai/Documents/GitHub/RedPlague/Content/StarterContent/Textures/T_Shelf_M.uasset" 262
"C:/Users/Thai/Documents/GitHub/RedPlague/Content/StarterContent/Textures/T_Shelf_N.uasset" 263
"C:/Users/Thai/Documents/GitHub/RedPlague/Content/StarterContent/Props/Materials/M_Shelf.uasset" 264
"C:/Users/Thai/Documents/GitHub/RedPlague/Content/StarterContent/Props/SM_Shelf.uasset" 265
"C:/Users/Thai/Documents/GitHub/RedPlague/Content/StarterContent/Materials/M_Basic_Floor.uasset" 266
"C:/Users/Thai/Documents/GitHub/RedPlague/Content/StarterContent/Props/SM_Stairs.uasset" 267
"C:/Users/Thai/Documents/GitHub/RedPlague/Content/StarterContent/Shapes/Shape_Cylinder.uasset" 268
"C:/Users/Thai/Documents/GitHub/RedPlague/Content/StarterContent/Shapes/Shape_NarrowCapsule.uasset" 269
"C:/Users/Thai/Documents/GitHub/RedPlague/Content/StarterContent/Shapes/Shape_Pipe.uasset" 270
"C:/Users/Thai/Documents/GitHub/RedPlague/Content/StarterContent/Shapes/Shape_Pipe_180.uasset" 271
"C:/Users/Thai/Documents/GitHub/RedPlague/Content/StarterContent/Shapes/Shape_Pipe_90.uasset" 272
"C:/Users/Thai/Documents/GitHub/RedPlague/Content/StarterContent/Shapes/Shape_Plane.uasset" 273
"C:/Users/Thai/Documents/GitHub/RedPlague/Content/StarterContent/Shapes/Shape_Torus.uasset" 274
"C:/Users/Thai/Documents/GitHub/RedPlague/Content/StarterContent/Shapes/Shape_Trim.uasset" 275
"C:/Users/Thai/Documents/GitHub/RedPlague/Content/StarterContent/Shapes/Shape_Trim_90_In.uasset" 276
"C:/Users/Thai/Documents/GitHub/RedPlague/Content/StarterContent/Shapes/Shape_Trim_90_Out.uasset" 277
"C:/Users/Thai/Documents/GitHub/RedPlague/Content/StarterContent/Shapes/Shape_TriPyramid.uasset" 278
"C:/Users/Thai/Documents/GitHub/RedPlague/Content/StarterContent/Shapes/Shape_Tube.uasset" 279
"C:/Users/Thai/Documents/GitHub/RedPlague/Content/StarterContent/Shapes/Shape_Wedge_A.uasset" 280
"C:/Users/Thai/Documents/GitHub/RedPlague/Content/StarterContent/Shapes/Shape_Wedge_B.uasset" 281
"C:/Users/Thai/Documents/GitHub/RedPlague/Content/StarterContent/Shapes/Shape_WideCapsule.uasset" 282
"C:/Users/Thai/Documents/GitHub/RedPlague/Content/ThirdPerson/Meshes/RampMaterial.uasset" 283
"C:/Users/Thai/Documents/GitHub/RedPlague/Content/ThirdPerson/Meshes/Bump_StaticMesh.uasset" 284
"C:/Users/Thai/Documents/GitHub/RedPlague/Content/ThirdPerson/Meshes/LeftArm_StaticMesh.uasset" 285
"C:/Users/Thai/Documents/GitHub/RedPlague/Content/ThirdPerson/Meshes/Linear_Stair_StaticMesh.uasset" 286
"C:/Users/Thai/Documents/GitHub/RedPlague/Content/ThirdPerson/Meshes/Ramp_StaticMesh.uasset" 287
"C:/Users/Thai/Documents/GitHub/RedPlague/Content/ThirdPerson/Meshes/RightArm_StaticMesh.uasset" 288
"C:/Users/Thai/Documents/GitHub/RedPlague/Content/UI/Ingame_HUD.uasset" 289
"C:/Users/Thai/Documents/GitHub/RedPlague/Content/ThirdPersonBP/Blueprints/ThirdPersonGameMode.uasset" 290
"C:/Users/Thai/Documents/GitHub/RedPlague/Content/UI/Main_WIDGET.uasset" 291
"C:/Users/Thai/Documents/GitHub/RedPlague/Content/StarterContent/Textures/T_Metal_Gold_N.uasset" 292
"C:/Users/Thai/Documents/GitHub/RedPlague/Content/Weapons/Mesh/Glock17_material.uasset" 293
"C:/Users/Thai/Documents/GitHub/RedPlague/Content/Weapons/Mesh/Glock17_mesh.uasset" 294
"C:/Users/Thai/Documents/GitHub/RedPlague/Content/Weapons/Projectiles/Projectile_Mat.uasset" 295
"../../../Engine/Content/ArtTools/RenderToTexture/Meshes/S_1_Unit_Plane.uasset" 296
"../../../Engine/Content/EditorLandscapeResources/DataLayer.uasset" 297
"../../../Engine/Content/EditorMaterials/GizmoMaterial.uasset" 298
"../../../Engine/Content/EditorMaterials/MAT_Groups_Toggle.uasset" 299
"../../../Engine/Content/EditorMaterials/MAT_Groups_Visibility.uasset" 300
"../../../Engine/Content/EditorMaterials/PreviewShadowIndicator.uasset" 301
"../../../Engine/Content/EditorMaterials/PreviewShadowIndicatorMaterial.uasset" 302
"../../../Engine/Content/EditorMaterials/MatineeGroups/MAT_ColorTrack.uasset" 303
"../../../Engine/Content/EditorMaterials/MatineeGroups/MAT_Groups_Anim.uasset" 304
"../../../Engine/Content/EditorMaterials/MatineeGroups/MAT_Groups_AudioMaster.uasset" 305
"../../../Engine/Content/EditorMaterials/MatineeGroups/MAT_Groups_Director.uasset" 306
"../../../Engine/Content/EditorMaterials/MatineeGroups/MAT_Groups_Event.uasset" 307
"../../../Engine/Content/EditorMaterials/MatineeGroups/MAT_Groups_Fade.uasset" 308
"../../../Engine/Content/EditorMaterials/MatineeGroups/MAT_Groups_Float.uasset" 309
"../../../Engine/Content/EditorMaterials/MatineeGroups/MAT_Groups_Move.uasset" 310
"../../../Engine/Content/EditorMaterials/MatineeGroups/MAT_Groups_Slomo.uasset" 311
"../../../Engine/Content/EditorMaterials/MatineeGroups/MAT_Groups_Sound.uasset" 312
"../../../Engine/Content/EditorMaterials/MatineeGroups/MAT_Groups_Vector.uasset" 313
"../../../Engine/Content/EditorMaterials/ParticleSystems/PSysThumbnail_NoImage.uasset" 314
"../../../Engine/Content/EditorMaterials/ParticleSystems/PSysThumbnail_OOD.uasset" 315
"../../../Engine/Content/EditorMaterials/Camera/CineMat.uasset" 316
"../../../Engine/Content/EditorMaterials/Camera/MI_CineMat_Rig.uasset" 317
"../../../Engine/Content/EditorMeshes/Camera/SM_CraneRig_Arm.uasset" 318
"../../../Engine/Content/EditorMeshes/Camera/SM_CraneRig_Base.uasset" 319
"../../../Engine/Content/EditorMeshes/Camera/SM_CraneRig_Body.uasset" 320
"../../../Engine/Content/EditorMeshes/Camera/SM_CraneRig_Mount.uasset" 321
"../../../Engine/Content/EditorMeshes/Camera/SM_RailRig_Mount.uasset" 322
"../../../Engine/Content/EditorMeshes/Camera/SM_RailRig_Track.uasset" 323
"../../../Engine/Content/EditorResources/BSPVertex.uasset" 324
"../../../Engine/Content/EditorResources/EmptyActor.uasset" 325
"../../../Engine/Content/EditorResources/S_Actor.uasset" 326
"../../../Engine/Content/EditorResources/S_Trigger.uasset" 327
"../../../Engine/Content/EditorResources/AudioIcons/S_AudioComponent.uasset" 328
"../../../Engine/Content/EditorResources/AudioIcons/S_AudioComponent_AutoActivate.uasset" 329
"../../../Engine/Content/EditorResources/LightIcons/S_LightError.uasset" 330
"../../../Engine/Content/EditorResources/SequenceRecorder/Countdown.uasset" 331
"../../../Engine/Content/EditorResources/SequenceRecorder/RecordingIndicator.uasset" 332
"../../../Engine/Content/EditorSounds/Notifications/CompileFailed.uasset" 333
"../../../Engine/Content/EditorSounds/Notifications/CompileFailed_Cue.uasset" 334
"../../../Engine/Content/EditorSounds/Notifications/CompileSuccess.uasset" 335
"../../../Engine/Content/EditorSounds/Notifications/CompileStart_Cue.uasset" 336
"../../../Engine/Content/EditorSounds/Notifications/CompileSuccess_Cue.uasset" 337
"../../../Engine/Content/EngineDamageTypes/DmgTypeBP_Environmental.uasset" 338
"../../../Engine/Content/EngineDebugMaterials/HeatmapGradient.uasset" 339
"../../../Engine/Content/EngineDebugMaterials/BoneWeightMaterial.uasset" 340
"../../../Engine/Content/EngineDebugMaterials/ClothMaterial.uasset" 341
"../../../Engine/Content/EngineDebugMaterials/ClothMaterial_WF.uasset" 342
"../../../Engine/Content/EngineDebugMaterials/DebugEditorMaterial.uasset" 343
"../../../Engine/Content/EngineDebugMaterials/DebugMeshMaterial.uasset" 344
"../../../Engine/Content/EngineDebugMaterials/GeomMaterial.uasset" 345
"../../../Engine/Content/EngineDebugMaterials/M_SimpleTranslucent.uasset" 346
"../../../Engine/Content/EngineFonts/Faces/RobotoBold.uasset" 347
"../../../Engine/Content/EngineFonts/Faces/RobotoBoldItalic.uasset" 348
"../../../Engine/Content/EngineFonts/Faces/RobotoItalic.uasset" 349
"../../../Engine/Content/EngineFonts/Faces/RobotoLight.uasset" 350
"../../../Engine/Content/EngineFonts/Faces/RobotoRegular.uasset" 351
"../../../Engine/Content/EngineFonts/Roboto.uasset" 352
"../../../Engine/Content/EngineFonts/Faces/RobotoTiny.uasset" 353
"../../../Engine/Content/EngineFonts/RobotoTiny.uasset" 354
"../../../Engine/Content/EngineMaterials/BaseFlattenDiffuseMap.uasset" 355
"../../../Engine/Content/EngineMaterials/BaseFlattenEmissiveMap.uasset" 356
"../../../Engine/Content/EngineMaterials/BaseFlattenGrayscaleMap.uasset" 357
"../../../Engine/Content/EngineMaterials/BaseFlattenNormalMap.uasset" 358
"../../../Engine/Content/EngineMaterials/BaseFlattenMaterial.uasset" 359
"../../../Engine/Content/EngineMaterials/DefaultBloomKernel.uasset" 360
"../../../Engine/Content/EngineMaterials/DefaultBokeh.uasset" 361
"../../../Engine/Content/EngineMaterials/DefaultDiffuse.uasset" 362
"../../../Engine/Content/EngineMaterials/DefaultDeferredDecalMaterial.uasset" 363
"../../../Engine/Content/EngineMaterials/DefaultLightFunctionMaterial.uasset" 364
"../../../Engine/Content/EngineMaterials/DefaultPhysicalMaterial.uasset" 365
"../../../Engine/Content/Functions/Engine_MaterialFunctions02/Utility/BreakOutFloat2Components.uasset" 366
"../../../Engine/Content/EngineMaterials/DefaultPostProcessMaterial.uasset" 367
"../../../Engine/Content/EngineFonts/RobotoDistanceField.uasset" 368
"../../../Engine/Content/EngineMaterials/DefaultTextMaterialOpaque.uasset" 369
"../../../Engine/Content/EngineMaterials/DefaultWhiteGrid.uasset" 370
"../../../Engine/Content/EngineMaterials/EditorBrushMaterial.uasset" 371
"../../../Engine/Content/EngineMaterials/MiniFont.uasset" 372
"../../../Engine/Content/EngineMaterials/InvalidLightmapSettings.uasset" 373
"../../../Engine/Content/EngineMaterials/M_InvalidLightmapSettings.uasset" 374
"../../../Engine/Content/Functions/Engine_MaterialFunctions02/WorldPositionOffset/CameraOffset.uasset" 375
"../../../Engine/Content/EngineMaterials/PhAT_JointLimitMaterial.uasset" 376
"../../../Engine/Content/EngineMaterials/PreintegratedSkinBRDF.uasset" 377
"../../../Engine/Content/EngineMaterials/RemoveSurfaceMaterial.uasset" 378
"../../../Engine/Content/EngineMaterials/WeightMapPlaceholderTexture.uasset" 379
"../../../Engine/Content/EngineResources/WhiteSquareTexture.uasset" 380
"../../../Engine/Content/EngineMaterials/Widget3DPassThrough.uasset" 381
"../../../Engine/Content/EngineMaterials/Widget3DPassThrough_Masked.uasset" 382
"../../../Engine/Content/EngineMaterials/Widget3DPassThrough_Opaque.uasset" 383
"../../../Engine/Content/EngineMaterials/Widget3DPassThrough_Masked_OneSided.uasset" 384
"../../../Engine/Content/EngineMaterials/Widget3DPassThrough_Opaque_OneSided.uasset" 385
"../../../Engine/Content/EngineMaterials/Widget3DPassThrough_Translucent.uasset" 386
"../../../Engine/Content/EngineMaterials/Widget3DPassThrough_Translucent_OneSided.uasset" 387
"../../../Engine/Content/EngineMeshes/Cylinder.uasset" 388
"../../../Engine/Content/EngineMeshes/Sphere.uasset" 389
"../../../Engine/Content/EngineResources/Black.uasset" 390
"../../../Engine/Content/EngineResources/DefaultTexture.uasset" 391
"../../../Engine/Content/EngineResources/DefaultTextureCube.uasset" 392
"../../../Engine/Content/EngineResources/DefaultVolumeTexture2D.uasset" 393
"../../../Engine/Content/EngineResources/DefaultVolumeTexture.uasset" 394
"../../../Engine/Content/EngineResources/GradientTexture0.uasset" 395
"../../../Engine/Content/EngineSounds/Master.uasset" 396
"../../../Engine/Content/Functions/Engine_MaterialFunctions01/Shading/PowerToRoughness.uasset" 397
"../../../Engine/Content/Maps/Templates/Thumbnails/Default.uasset" 398
"../../../Engine/Content/Maps/Templates/Thumbnails/VR-Basic.uasset" 399
"../../../Engine/Content/MobileResources/T_MobileControls_texture.uasset" 400
"../../../Engine/Content/MobileResources/T_MobileMenu2.uasset" 401
"../../../Engine/Content/MobileResources/HUD/AnalogHat.uasset" 402
"../../../Engine/Content/MobileResources/HUD/VirtualJoystick_Background.uasset" 403
"../../../Engine/Content/MobileResources/HUD/VirtualJoystick_Thumb.uasset" 404
"../../../Engine/Content/MobileResources/HUD/DefaultVirtualJoysticks.uasset" 405
"../../../Engine/Content/MobileResources/HUD/LeftVirtualJoystickOnly.uasset" 406
"../../../Engine/Content/MobileResources/HUD/MobileHUDButton1_off.uasset" 407
"../../../Engine/Content/MobileResources/HUD/MobileHUDButton1_on.uasset" 408
"../../../Engine/Content/MobileResources/HUD/MobileHUDButton2_off.uasset" 409
"../../../Engine/Content/MobileResources/HUD/MobileHUDButton2_on.uasset" 410
"../../../Engine/Content/MobileResources/HUD/MobileHUDButton3.uasset" 411
"../../../Engine/Content/MobileResources/HUD/MobileHUDButtonFire.uasset" 412
"../../../Engine/Content/MobileResources/HUD/MobileHUDDirectionPad.uasset" 413
"../../../Engine/Content/MobileResources/HUD/MobileHUDDirectionPad2.uasset" 414
"../../../Engine/Content/MobileResources/HUD/MobileHUDDirectionPad3.uasset" 415
"../../../Engine/Content/MobileResources/HUD/MobileHUDDirectionStick.uasset" 416
"../../../Engine/Content/MobileResources/HUD/T_Castle_ThumbstickInner.uasset" 417
"../../../Engine/Content/MobileResources/HUD/T_Castle_ThumbstickOutter.uasset" 418
"../../../Engine/Content/Tutorial/ContentIntroCurve.uasset" 419
"../../../Engine/Content/VREditor/LaserPointer/VR_LaserPower_01.uasset" 420
"../../../Engine/Content/VREditor/TransformGizmo/TransformGizmoMaterial.uasset" 421
"../../../Engine/Content/VREditor/TransformGizmo/TranslucentTransformGizmoMaterial.uasset" 422
"../../../Engine/Content/VREditor/TransformGizmo/BoundingBoxCorner.uasset" 423
"../../../Engine/Content/VREditor/TransformGizmo/BoundingBoxEdge.uasset" 424
"../../../Engine/Content/VREditor/TransformGizmo/PlaneTranslationHandle.uasset" 425
"../../../Engine/Content/VREditor/TransformGizmo/Main.uasset" 426
"../../../Engine/Content/VREditor/TransformGizmo/Xray.uasset" 427
"../../../Engine/Content/VREditor/TransformGizmo/SM_Sequencer_Key.uasset" 428
"../../../Engine/Content/VREditor/TransformGizmo/SM_Sequencer_Node.uasset" 429
"../../Plugins/2D/Paper2D/Content/PlaceholderTextures/DummySpriteTexture.uasset" 430
"../../Plugins/2D/Paper2D/Content/DummySprite.uasset" 431
"../../Plugins/2D/Paper2D/Content/DefaultPaperTerrainMaterial.uasset" 432
"../../Plugins/2D/Paper2D/Content/DefaultSpriteMaterial.uasset" 433
"../../Plugins/2D/Paper2D/Content/MaskedUnlitSpriteMaterial.uasset" 434
"../../Plugins/2D/Paper2D/Content/OpaqueUnlitSpriteMaterial.uasset" 435
"../../Plugins/Runtime/Oculus/OculusVR/Content/Materials/PokeAHoleMaterial.uasset" 436
"../../Plugins/Runtime/Oculus/OculusVR/Content/Textures/GearVRController_AO.uasset" 437
"../../Plugins/Runtime/Oculus/OculusVR/Content/Textures/GearVRController_Color.uasset" 438
"../../Plugins/Runtime/Oculus/OculusVR/Content/Textures/GearVRController_Normal.uasset" 439
"../../Plugins/Runtime/Oculus/OculusVR/Content/Materials/GearVRControllerMaterial.uasset" 440
"../../Plugins/Runtime/Oculus/OculusVR/Content/Meshes/GearVrController.uasset" 441
"../../Plugins/Runtime/Oculus/OculusVR/Content/Textures/touchController_albedo.uasset" 442
"../../Plugins/Runtime/Oculus/OculusVR/Content/Textures/touchController_controlmap.uasset" 443
"../../Plugins/Runtime/Oculus/OculusVR/Content/Materials/touchController_mat.uasset" 444
"../../Plugins/Runtime/Oculus/OculusVR/Content/Meshes/LeftTouchController.uasset" 445
"../../Plugins/Runtime/Oculus/OculusVR/Content/Meshes/RiftHMD.uasset" 446
"../../Plugins/Runtime/Oculus/OculusVR/Content/Meshes/RightTouchController.uasset" 447
"C:/Users/Thai/Documents/GitHub/RedPlague/Content/AnimStarterPack/Animations/Crouch_Idle_Rifle_Ironsights.uasset" 448
"C:/Users/Thai/Documents/GitHub/RedPlague/Content/AnimStarterPack/Animations/Crouch_Walk_Fwd_Rifle_Ironsights.uasset" 449
"C:/Users/Thai/Documents/GitHub/RedPlague/Content/AnimStarterPack/Animations/Equip_Pistol_Standing.uasset" 450
"C:/Users/Thai/Documents/GitHub/RedPlague/Content/AnimStarterPack/Animations/Fire_Rifle_Ironsights.uasset" 451
"C:/Users/Thai/Documents/GitHub/RedPlague/Content/AnimStarterPack/Animations/Hit_React_1.uasset" 452
"C:/Users/Thai/Documents/GitHub/RedPlague/Content/AnimStarterPack/Animations/Hit_React_2.uasset" 453
"C:/Users/Thai/Documents/GitHub/RedPlague/Content/AnimStarterPack/Animations/Hit_React_3.uasset" 454
"C:/Users/Thai/Documents/GitHub/RedPlague/Content/AnimStarterPack/Animations/Idle_Rifle_Hip_Break1.uasset" 455
"C:/Users/Thai/Documents/GitHub/RedPlague/Content/AnimStarterPack/Animations/Idle_Rifle_Hip_Break2.uasset" 456
"C:/Users/Thai/Documents/GitHub/RedPlague/Content/AnimStarterPack/Animations/Reload_Rifle_Hip.uasset" 457
"C:/Users/Thai/Documents/GitHub/RedPlague/Content/AnimStarterPack/Animations/Walk_Fwd_Rifle_Ironsights.uasset" 458
"../../../Engine/Content/EngineSky/C_Sky_Cloud_Color.uasset" 459
"../../../Engine/Content/EngineSky/C_Sky_Horizon_Color.uasset" 460
"../../../Engine/Content/EngineSky/C_Sky_Zenith_Color.uasset" 461
"../../../Engine/Content/EngineSky/T_Sky_Blue.uasset" 462
"../../../Engine/Content/EngineSky/T_Sky_Clouds_M.uasset" 463
"../../../Engine/Content/EngineSky/T_Sky_Stars.uasset" 464
"../../../Engine/Content/EngineSky/M_Sky_Panning_Clouds2.uasset" 465
"../../../Engine/Content/EngineSky/SM_SkySphere.uasset" 466
"../../../Engine/Content/EngineSky/BP_Sky_Sphere.uasset" 467
"../../../Engine/Content/TemplateResources/M_Template_Master.uasset" 468
"../../../Engine/Content/TemplateResources/MI_Template_BaseGray_03_Metal.uasset" 469
"C:/Users/Thai/Documents/GitHub/RedPlague/Content/AnimStarterPack/Animations/Showcase.umap" 470
"C:/Users/Thai/Documents/GitHub/RedPlague/Content/UI/MainMenu_HUD.uasset" 471
"C:/Users/Thai/Documents/GitHub/RedPlague/Content/UI/MainMenu_Gamemode.uasset" 472
"C:/Users/Thai/Documents/GitHub/RedPlague/Content/Level/MainMenu.umap" 473
"C:/Users/Thai/Documents/GitHub/RedPlague/Content/StarterContent/Blueprints/Assets/FogBrightnessLUT.uasset" 474
"C:/Users/Thai/Documents/GitHub/RedPlague/Content/StarterContent/Blueprints/Assets/SunlightColorLUT.uasset" 475
"C:/Users/Thai/Documents/GitHub/RedPlague/Content/StarterContent/Blueprints/Assets/M_LightStage_Arrows.uasset" 476
"../../../Engine/Content/MapTemplates/Sky/DaylightAmbientCubemap.uasset" 477
"C:/Users/Thai/Documents/GitHub/RedPlague/Content/StarterContent/Blueprints/Assets/M_LightStage_Skybox_Master.uasset" 478
"C:/Users/Thai/Documents/GitHub/RedPlague/Content/StarterContent/Blueprints/Assets/M_LightStage_Skybox_Black.uasset" 479
"C:/Users/Thai/Documents/GitHub/RedPlague/Content/StarterContent/Blueprints/Assets/M_LightStage_Skybox_HDRI.uasset" 480
"../../../Engine/Content/EditorMaterials/Thumbnails/SkySphereMaterial.uasset" 481
"C:/Users/Thai/Documents/GitHub/RedPlague/Content/StarterContent/Blueprints/Assets/Skybox.uasset" 482
"C:/Users/Thai/Documents/GitHub/RedPlague/Content/StarterContent/Blueprints/Assets/SM_Arrows.uasset" 483
"C:/Users/Thai/Documents/GitHub/RedPlague/Content/StarterContent/HDRI/HDRI_Epic_Courtyard_Daylight.uasset" 484
"C:/Users/Thai/Documents/GitHub/RedPlague/Content/StarterContent/Blueprints/BP_LightStudio.uasset" 485
"C:/Users/Thai/Documents/GitHub/RedPlague/Content/StarterContent/Maps/Advanced_Lighting_BuiltData.uasset" 486
"C:/Users/Thai/Documents/GitHub/RedPlague/Content/StarterContent/Materials/M_AssetPlatform.uasset" 487
"../../../Engine/Content/EditorMeshes/ColorCalibrator/M_ChromeBall.uasset" 488
"../../../Engine/Content/EditorMeshes/ColorCalibrator/M_ClearCoat.uasset" 489
"../../../Engine/Content/EditorMeshes/ColorCalibrator/M_ClearCoatBlack.uasset" 490
"../../../Engine/Content/EditorMeshes/ColorCalibrator/Color_checker.uasset" 491
"../../../Engine/Content/EditorMeshes/ColorCalibrator/M_ColorGrid.uasset" 492
"../../../Engine/Content/EditorMeshes/ColorCalibrator/M_GreyBall.uasset" 493
"../../../Engine/Content/EditorMeshes/ColorCalibrator/SM_ColorCalibrator.uasset" 494
"C:/Users/Thai/Documents/GitHub/RedPlague/Content/StarterContent/Architecture/SM_AssetPlatform.uasset" 495
"C:/Users/Thai/Documents/GitHub/RedPlague/Content/StarterContent/Maps/Advanced_Lighting.umap" 496
"C:/Users/Thai/Documents/GitHub/RedPlague/Content/StarterContent/Maps/Minimal_Default_BuiltData.uasset" 497
"C:/Users/Thai/Documents/GitHub/RedPlague/Content/StarterContent/Textures/T_MacroVariation.uasset" 498
"C:/Users/Thai/Documents/GitHub/RedPlague/Content/StarterContent/Materials/M_Metal_Brushed_Nickel.uasset" 499
"C:/Users/Thai/Documents/GitHub/RedPlague/Content/StarterContent/Textures/T_Metal_Aluminum_D.uasset" 500
"C:/Users/Thai/Documents/GitHub/RedPlague/Content/StarterContent/Materials/M_Metal_Burnished_Steel.uasset" 501
"C:/Users/Thai/Documents/GitHub/RedPlague/Content/StarterContent/Textures/T_Metal_Copper_D.uasset" 502
"C:/Users/Thai/Documents/GitHub/RedPlague/Content/StarterContent/Materials/M_Metal_Copper.uasset" 503
"C:/Users/Thai/Documents/GitHub/RedPlague/Content/StarterContent/Textures/T_Statue_M.uasset" 504
"C:/Users/Thai/Documents/GitHub/RedPlague/Content/StarterContent/Textures/T_Statue_N.uasset" 505
"C:/Users/Thai/Documents/GitHub/RedPlague/Content/StarterContent/Props/Materials/M_StatueGlass.uasset" 506
"C:/Users/Thai/Documents/GitHub/RedPlague/Content/StarterContent/Architecture/Floor_400x400.uasset" 507
"C:/Users/Thai/Documents/GitHub/RedPlague/Content/StarterContent/Audio/Starter_Background_Cue.uasset" 508
"C:/Users/Thai/Documents/GitHub/RedPlague/Content/StarterContent/Props/SM_Chair.uasset" 509
"C:/Users/Thai/Documents/GitHub/RedPlague/Content/StarterContent/Props/Materials/M_Statue.uasset" 510
"C:/Users/Thai/Documents/GitHub/RedPlague/Content/StarterContent/Props/SM_Statue.uasset" 511
"C:/Users/Thai/Documents/GitHub/RedPlague/Content/StarterContent/Textures/T_TableRound_M.uasset" 512
"C:/Users/Thai/Documents/GitHub/RedPlague/Content/StarterContent/Textures/T_TableRound_N.uasset" 513
"C:/Users/Thai/Documents/GitHub/RedPlague/Content/StarterContent/Props/Materials/M_TableRound.uasset" 514
"C:/Users/Thai/Documents/GitHub/RedPlague/Content/StarterContent/Props/SM_TableRound.uasset" 515
"C:/Users/Thai/Documents/GitHub/RedPlague/Content/StarterContent/Maps/Minimal_Default.umap" 516
"C:/Users/Thai/Documents/GitHub/RedPlague/Content/StarterContent/Audio/Fire01_Cue.uasset" 517
"C:/Users/Thai/Documents/GitHub/RedPlague/Content/StarterContent/Textures/T_Fire_SubUV.uasset" 518
"C:/Users/Thai/Documents/GitHub/RedPlague/Content/StarterContent/Textures/T_Fire_Tiled_D.uasset" 519
"C:/Users/Thai/Documents/GitHub/RedPlague/Content/StarterContent/Particles/Materials/M_Fire_SubUV.uasset" 520
"C:/Users/Thai/Documents/GitHub/RedPlague/Content/StarterContent/Textures/T_Water_N.uasset" 521
"C:/Users/Thai/Documents/GitHub/RedPlague/Content/StarterContent/Particles/Materials/M_Heat_Distortion.uasset" 522
"C:/Users/Thai/Documents/GitHub/RedPlague/Content/StarterContent/Particles/Materials/M_Radial_Gradient.uasset" 523
"C:/Users/Thai/Documents/GitHub/RedPlague/Content/StarterContent/Particles/P_Fire.uasset" 524
"C:/Users/Thai/Documents/GitHub/RedPlague/Content/StarterContent/Blueprints/Blueprint_Effect_Fire.uasset" 525
"C:/Users/Thai/Documents/GitHub/RedPlague/Content/StarterContent/Audio/Smoke01_Cue.uasset" 526
"C:/Users/Thai/Documents/GitHub/RedPlague/Content/StarterContent/Particles/P_Smoke.uasset" 527
"C:/Users/Thai/Documents/GitHub/RedPlague/Content/StarterContent/Blueprints/Blueprint_Effect_Smoke.uasset" 528
"C:/Users/Thai/Documents/GitHub/RedPlague/Content/StarterContent/Audio/Fire_Sparks01_Cue.uasset" 529
"C:/Users/Thai/Documents/GitHub/RedPlague/Content/StarterContent/Textures/T_Spark_Core.uasset" 530
"C:/Users/Thai/Documents/GitHub/RedPlague/Content/StarterContent/Particles/Materials/M_Spark.uasset" 531
"C:/Users/Thai/Documents/GitHub/RedPlague/Content/StarterContent/Particles/P_Sparks.uasset" 532
"C:/Users/Thai/Documents/GitHub/RedPlague/Content/StarterContent/Blueprints/Blueprint_Effect_Sparks.uasset" 533
"C:/Users/Thai/Documents/GitHub/RedPlague/Content/StarterContent/Audio/Steam01_Cue.uasset" 534
"C:/Users/Thai/Documents/GitHub/RedPlague/Content/StarterContent/Particles/P_Steam_Lit.uasset" 535
"C:/Users/Thai/Documents/GitHub/RedPlague/Content/StarterContent/Blueprints/Blueprint_Effect_Steam.uasset" 536
"C:/Users/Thai/Documents/GitHub/RedPlague/Content/StarterContent/Textures/T_Lamp_M.uasset" 537
"C:/Users/Thai/Documents/GitHub/RedPlague/Content/StarterContent/Textures/T_Lamp_N.uasset" 538
"C:/Users/Thai/Documents/GitHub/RedPlague/Content/StarterContent/Props/Materials/M_Lamp.uasset" 539
"C:/Users/Thai/Documents/GitHub/RedPlague/Content/StarterContent/Props/SM_Lamp_Ceiling.uasset" 540
"C:/Users/Thai/Documents/GitHub/RedPlague/Content/StarterContent/Blueprints/Blueprint_CeilingLight.uasset" 541
"C:/Users/Thai/Documents/GitHub/RedPlague/Content/StarterContent/Props/SM_Lamp_Wall.uasset" 542
"C:/Users/Thai/Documents/GitHub/RedPlague/Content/StarterContent/Blueprints/Blueprint_WallSconce.uasset" 543
"C:/Users/Thai/Documents/GitHub/RedPlague/Content/StarterContent/Maps/StarterMap_BuiltData.uasset" 544
"../../../Engine/Content/Functions/Engine_MaterialFunctions03/Procedurals/ComputeFilterWidth.uasset" 545
"../../../Engine/Content/EngineMaterials/AntiAliasedTextMaterialTranslucent.uasset" 546
"C:/Users/Thai/Documents/GitHub/RedPlague/Content/StarterContent/Textures/T_Brick_Clay_Beveled_D.uasset" 547
"C:/Users/Thai/Documents/GitHub/RedPlague/Content/StarterContent/Textures/T_Brick_Clay_Beveled_M.uasset" 548
"C:/Users/Thai/Documents/GitHub/RedPlague/Content/StarterContent/Textures/T_Brick_Clay_Beveled_N.uasset" 549
"C:/Users/Thai/Documents/GitHub/RedPlague/Content/StarterContent/Materials/M_Brick_Clay_Beveled.uasset" 550
"C:/Users/Thai/Documents/GitHub/RedPlague/Content/StarterContent/Textures/T_Brick_Clay_New_D.uasset" 551
"C:/Users/Thai/Documents/GitHub/RedPlague/Content/StarterContent/Textures/T_Brick_Clay_New_M.uasset" 552
"C:/Users/Thai/Documents/GitHub/RedPlague/Content/StarterContent/Textures/T_Brick_Clay_New_N.uasset" 553
"C:/Users/Thai/Documents/GitHub/RedPlague/Content/StarterContent/Materials/M_Brick_Clay_New.uasset" 554
"C:/Users/Thai/Documents/GitHub/RedPlague/Content/StarterContent/Textures/T_Brick_Clay_Old_D.uasset" 555
"C:/Users/Thai/Documents/GitHub/RedPlague/Content/StarterContent/Textures/T_Brick_Clay_Old_N.uasset" 556
"C:/Users/Thai/Documents/GitHub/RedPlague/Content/StarterContent/Textures/T_Perlin_Noise_M.uasset" 557
"C:/Users/Thai/Documents/GitHub/RedPlague/Content/StarterContent/Materials/M_Brick_Clay_Old.uasset" 558
"C:/Users/Thai/Documents/GitHub/RedPlague/Content/StarterContent/Textures/T_Brick_Cut_Stone_D.uasset" 559
"C:/Users/Thai/Documents/GitHub/RedPlague/Content/StarterContent/Textures/T_Brick_Cut_Stone_N.uasset" 560
"C:/Users/Thai/Documents/GitHub/RedPlague/Content/StarterContent/Materials/M_Brick_Cut_Stone.uasset" 561
"C:/Users/Thai/Documents/GitHub/RedPlague/Content/StarterContent/Textures/T_Brick_Hewn_Stone_D.uasset" 562
"C:/Users/Thai/Documents/GitHub/RedPlague/Content/StarterContent/Textures/T_Brick_Hewn_Stone_M.uasset" 563
"C:/Users/Thai/Documents/GitHub/RedPlague/Content/StarterContent/Textures/T_Brick_Hewn_Stone_N.uasset" 564
"C:/Users/Thai/Documents/GitHub/RedPlague/Content/StarterContent/Materials/M_Brick_Hewn_Stone.uasset" 565
"C:/Users/Thai/Documents/GitHub/RedPlague/Content/StarterContent/Textures/T_Ceramic_Tile_M.uasset" 566
"C:/Users/Thai/Documents/GitHub/RedPlague/Content/StarterContent/Textures/T_Ceramic_Tile_N.uasset" 567
"C:/Users/Thai/Documents/GitHub/RedPlague/Content/StarterContent/Textures/T_Rock_Marble_Polished_D.uasset" 568
"C:/Users/Thai/Documents/GitHub/RedPlague/Content/StarterContent/Materials/M_Ceramic_Tile_Checker.uasset" 569
"C:/Users/Thai/Documents/GitHub/RedPlague/Content/StarterContent/Textures/T_CobbleStone_Pebble_D.uasset" 570
"C:/Users/Thai/Documents/GitHub/RedPlague/Content/StarterContent/Textures/T_CobbleStone_Pebble_M.uasset" 571
"C:/Users/Thai/Documents/GitHub/RedPlague/Content/StarterContent/Textures/T_CobbleStone_Pebble_N.uasset" 572
"C:/Users/Thai/Documents/GitHub/RedPlague/Content/StarterContent/Materials/M_CobbleStone_Pebble.uasset" 573
"C:/Users/Thai/Documents/GitHub/RedPlague/Content/StarterContent/Textures/T_CobbleStone_Rough_D.uasset" 574
"C:/Users/Thai/Documents/GitHub/RedPlague/Content/StarterContent/Textures/T_CobbleStone_Rough_N.uasset" 575
"C:/Users/Thai/Documents/GitHub/RedPlague/Content/StarterContent/Textures/T_Gradinet_01.uasset" 576
"C:/Users/Thai/Documents/GitHub/RedPlague/Content/StarterContent/Textures/T_Rock_Smooth_Granite_D.uasset" 577
"C:/Users/Thai/Documents/GitHub/RedPlague/Content/StarterContent/Materials/M_CobbleStone_Rough.uasset" 578
"C:/Users/Thai/Documents/GitHub/RedPlague/Content/StarterContent/Textures/T_CobbleStone_Smooth_D.uasset" 579
"C:/Users/Thai/Documents/GitHub/RedPlague/Content/StarterContent/Textures/T_CobbleStone_Smooth_M.uasset" 580
"C:/Users/Thai/Documents/GitHub/RedPlague/Content/StarterContent/Textures/T_CobbleStone_Smooth_N.uasset" 581
"C:/Users/Thai/Documents/GitHub/RedPlague/Content/StarterContent/Materials/M_CobbleStone_Smooth.uasset" 582
"C:/Users/Thai/Documents/GitHub/RedPlague/Content/StarterContent/Textures/T_Concrete_Grime_D.uasset" 583
"C:/Users/Thai/Documents/GitHub/RedPlague/Content/StarterContent/Materials/M_Concrete_Grime.uasset" 584
"C:/Users/Thai/Documents/GitHub/RedPlague/Content/StarterContent/Textures/T_Concrete_Panels_D.uasset" 585
"C:/Users/Thai/Documents/GitHub/RedPlague/Content/StarterContent/Textures/T_Concrete_Panels_N.uasset" 586
"C:/Users/Thai/Documents/GitHub/RedPlague/Content/StarterContent/Materials/M_Concrete_Panels.uasset" 587
"C:/Users/Thai/Documents/GitHub/RedPlague/Content/StarterContent/Textures/T_Concrete_Poured_D.uasset" 588
"C:/Users/Thai/Documents/GitHub/RedPlague/Content/StarterContent/Textures/T_Concrete_Poured_N.uasset" 589
"C:/Users/Thai/Documents/GitHub/RedPlague/Content/StarterContent/Materials/M_Concrete_Poured.uasset" 590
"C:/Users/Thai/Documents/GitHub/RedPlague/Content/StarterContent/Textures/T_Concrete_Tiles_D.uasset" 591
"C:/Users/Thai/Documents/GitHub/RedPlague/Content/StarterContent/Textures/T_Concrete_Tiles_M.uasset" 592
"C:/Users/Thai/Documents/GitHub/RedPlague/Content/StarterContent/Textures/T_Concrete_Tiles_N.uasset" 593
"C:/Users/Thai/Documents/GitHub/RedPlague/Content/StarterContent/Textures/T_Concrete_Tiles_Variation_M.uasset" 594
"C:/Users/Thai/Documents/GitHub/RedPlague/Content/StarterContent/Materials/M_Concrete_Tiles.uasset" 595
"C:/Users/Thai/Documents/GitHub/RedPlague/Content/StarterContent/Textures/T_Ground_Grass_D.uasset" 596
"C:/Users/Thai/Documents/GitHub/RedPlague/Content/StarterContent/Textures/T_Ground_Grass_N.uasset" 597
"C:/Users/Thai/Documents/GitHub/RedPlague/Content/StarterContent/Materials/M_Ground_Grass.uasset" 598
"C:/Users/Thai/Documents/GitHub/RedPlague/Content/StarterContent/Textures/T_Ground_Gravel_D.uasset" 599
"C:/Users/Thai/Documents/GitHub/RedPlague/Content/StarterContent/Textures/T_Ground_Gravel_N.uasset" 600
"C:/Users/Thai/Documents/GitHub/RedPlague/Content/StarterContent/Materials/M_Ground_Gravel.uasset" 601
"C:/Users/Thai/Documents/GitHub/RedPlague/Content/StarterContent/Textures/T_ground_Moss_D.uasset" 602
"C:/Users/Thai/Documents/GitHub/RedPlague/Content/StarterContent/Textures/T_Ground_Moss_N.uasset" 603
"C:/Users/Thai/Documents/GitHub/RedPlague/Content/StarterContent/Materials/M_Ground_Moss.uasset" 604
"C:/Users/Thai/Documents/GitHub/RedPlague/Content/StarterContent/Materials/M_Metal_Chrome.uasset" 605
"C:/Users/Thai/Documents/GitHub/RedPlague/Content/StarterContent/Textures/T_Metal_Gold_D.uasset" 606
"C:/Users/Thai/Documents/GitHub/RedPlague/Content/StarterContent/Materials/M_Metal_Gold.uasset" 607
"C:/Users/Thai/Documents/GitHub/RedPlague/Content/StarterContent/Materials/M_Metal_Rust.uasset" 608
"C:/Users/Thai/Documents/GitHub/RedPlague/Content/StarterContent/Textures/T_Metal_Steel_D.uasset" 609
"C:/Users/Thai/Documents/GitHub/RedPlague/Content/StarterContent/Materials/M_Metal_Steel.uasset" 610
"C:/Users/Thai/Documents/GitHub/RedPlague/Content/StarterContent/Textures/T_Rock_Basalt_N.uasset" 611
"C:/Users/Thai/Documents/GitHub/RedPlague/Content/StarterContent/Materials/M_Rock_Basalt.uasset" 612
"C:/Users/Thai/Documents/GitHub/RedPlague/Content/StarterContent/Materials/M_Rock_Marble_Polished.uasset" 613
"C:/Users/Thai/Documents/GitHub/RedPlague/Content/StarterContent/Textures/T_Rock_Sandstone_D.uasset" 614
"C:/Users/Thai/Documents/GitHub/RedPlague/Content/StarterContent/Textures/T_Rock_Sandstone_N.uasset" 615
"C:/Users/Thai/Documents/GitHub/RedPlague/Content/StarterContent/Materials/M_Rock_Sandstone.uasset" 616
"C:/Users/Thai/Documents/GitHub/RedPlague/Content/StarterContent/Textures/T_Rock_Slate_D.uasset" 617
"C:/Users/Thai/Documents/GitHub/RedPlague/Content/StarterContent/Textures/T_Rock_Slate_N.uasset" 618
"C:/Users/Thai/Documents/GitHub/RedPlague/Content/StarterContent/Materials/M_Rock_Slate.uasset" 619
"C:/Users/Thai/Documents/GitHub/RedPlague/Content/StarterContent/Textures/T_Checker_Noise_M.uasset" 620
"C:/Users/Thai/Documents/GitHub/RedPlague/Content/StarterContent/Textures/T_Single_Tile_N.uasset" 621
"C:/Users/Thai/Documents/GitHub/RedPlague/Content/StarterContent/Textures/T_Tech_Dot_M.uasset" 622
"C:/Users/Thai/Documents/GitHub/RedPlague/Content/StarterContent/Textures/T_Tech_Dot_N.uasset" 623
"C:/Users/Thai/Documents/GitHub/RedPlague/Content/StarterContent/Materials/M_Tech_Checker_Dot.uasset" 624
"C:/Users/Thai/Documents/GitHub/RedPlague/Content/StarterContent/Textures/T_Tech_Hex_Tile_M.uasset" 625
"C:/Users/Thai/Documents/GitHub/RedPlague/Content/StarterContent/Textures/T_Tech_Hex_Tile_N.uasset" 626
"C:/Users/Thai/Documents/GitHub/RedPlague/Content/StarterContent/Materials/M_Tech_Hex_Tile.uasset" 627
"C:/Users/Thai/Documents/GitHub/RedPlague/Content/StarterContent/Materials/M_Tech_Hex_Tile_Pulse.uasset" 628
"C:/Users/Thai/Documents/GitHub/RedPlague/Content/StarterContent/Textures/T_Tech_Panel_M.uasset" 629
"C:/Users/Thai/Documents/GitHub/RedPlague/Content/StarterContent/Textures/T_Tech_Panel_N.uasset" 630
"C:/Users/Thai/Documents/GitHub/RedPlague/Content/StarterContent/Materials/M_Tech_Panel.uasset" 631
"C:/Users/Thai/Documents/GitHub/RedPlague/Content/StarterContent/Materials/M_Water_Lake.uasset" 632
"C:/Users/Thai/Documents/GitHub/RedPlague/Content/StarterContent/Textures/T_Water_M.uasset" 633
"C:/Users/Thai/Documents/GitHub/RedPlague/Content/StarterContent/Materials/M_Water_Ocean.uasset" 634
"C:/Users/Thai/Documents/GitHub/RedPlague/Content/StarterContent/Textures/T_Wood_Floor_Walnut_M.uasset" 635
"C:/Users/Thai/Documents/GitHub/RedPlague/Content/StarterContent/Textures/T_Wood_Floor_Walnut_N.uasset" 636
"C:/Users/Thai/Documents/GitHub/RedPlague/Content/StarterContent/Materials/M_Wood_Floor_Walnut_Polished.uasset" 637
"../../../Engine/Content/Functions/Engine_MaterialFunctions01/Opacity/AlphaOffset.uasset" 638
"C:/Users/Thai/Documents/GitHub/RedPlague/Content/StarterContent/Materials/M_Wood_Floor_Walnut_Worn.uasset" 639
"C:/Users/Thai/Documents/GitHub/RedPlague/Content/StarterContent/Materials/M_Wood_Oak.uasset" 640
"C:/Users/Thai/Documents/GitHub/RedPlague/Content/StarterContent/Textures/T_Wood_Pine_D.uasset" 641
"C:/Users/Thai/Documents/GitHub/RedPlague/Content/StarterContent/Textures/T_Wood_Pine_N.uasset" 642
"C:/Users/Thai/Documents/GitHub/RedPlague/Content/StarterContent/Materials/M_Wood_Pine.uasset" 643
"C:/Users/Thai/Documents/GitHub/RedPlague/Content/StarterContent/Textures/T_Wood_Walnut_D.uasset" 644
"C:/Users/Thai/Documents/GitHub/RedPlague/Content/StarterContent/Textures/T_Wood_Walnut_N.uasset" 645
"C:/Users/Thai/Documents/GitHub/RedPlague/Content/StarterContent/Materials/M_Wood_Walnut.uasset" 646
"C:/Users/Thai/Documents/GitHub/RedPlague/Content/StarterContent/Architecture/Wall_400x200.uasset" 647
"C:/Users/Thai/Documents/GitHub/RedPlague/Content/StarterContent/Architecture/Wall_Door_400x300.uasset" 648
"C:/Users/Thai/Documents/GitHub/RedPlague/Content/StarterContent/Architecture/Wall_Window_400x300.uasset" 649
"C:/Users/Thai/Documents/GitHub/RedPlague/Content/StarterContent/Audio/Collapse_Cue.uasset" 650
"C:/Users/Thai/Documents/GitHub/RedPlague/Content/StarterContent/Audio/Starter_Music_Cue.uasset" 651
"C:/Users/Thai/Documents/GitHub/RedPlague/Content/StarterContent/Textures/T_Dust_Particle_D.uasset" 652
"C:/Users/Thai/Documents/GitHub/RedPlague/Content/StarterContent/Particles/Materials/M_Dust_Particle.uasset" 653
"C:/Users/Thai/Documents/GitHub/RedPlague/Content/StarterContent/Particles/P_Ambient_Dust.uasset" 654
"C:/Users/Thai/Documents/GitHub/RedPlague/Content/StarterContent/Textures/T_Frame_M.uasset" 655
"C:/Users/Thai/Documents/GitHub/RedPlague/Content/StarterContent/Textures/T_Frame_N.uasset" 656
"C:/Users/Thai/Documents/GitHub/RedPlague/Content/StarterContent/Props/Materials/M_Frame.uasset" 657
"C:/Users/Thai/Documents/GitHub/RedPlague/Content/StarterContent/Props/SM_CornerFrame.uasset" 658
"C:/Users/Thai/Documents/GitHub/RedPlague/Content/StarterContent/Props/SM_DoorFrame.uasset" 659
"C:/Users/Thai/Documents/GitHub/RedPlague/Content/StarterContent/Props/SM_GlassWindow.uasset" 660
"C:/Users/Thai/Documents/GitHub/RedPlague/Content/StarterContent/Props/SM_PillarFrame.uasset" 661
"C:/Users/Thai/Documents/GitHub/RedPlague/Content/StarterContent/Props/SM_PillarFrame300.uasset" 662
"C:/Users/Thai/Documents/GitHub/RedPlague/Content/StarterContent/Props/SM_WindowFrame.uasset" 663
"C:/Users/Thai/Documents/GitHub/RedPlague/Content/StarterContent/Shapes/Shape_Cube.uasset" 664
"C:/Users/Thai/Documents/GitHub/RedPlague/Content/StarterContent/Shapes/Shape_QuadPyramid.uasset" 665
"C:/Users/Thai/Documents/GitHub/RedPlague/Content/StarterContent/Shapes/Shape_Sphere.uasset" 666
"C:/Users/Thai/Documents/GitHub/RedPlague/Content/StarterContent/Maps/StarterMap.umap" 667
"C:/Users/Thai/Documents/GitHub/RedPlague/Content/Geometry/Materials/RedInfection.uasset" 668
"C:/Users/Thai/Documents/GitHub/RedPlague/Content/Geometry/Meshes/Red_Mass.uasset" 669
"C:/Users/Thai/Documents/GitHub/RedPlague/Content/Environment/Red_Spawner.uasset" 670
"C:/Users/Thai/Documents/GitHub/RedPlague/Content/AI/Enemies/Walker/Walker_BB.uasset" 671
"C:/Users/Thai/Documents/GitHub/RedPlague/Content/AI/Enemies/Walker/Walker_Controller.uasset" 672
"C:/Users/Thai/Documents/GitHub/RedPlague/Content/Mannequin/Character/Mesh/Walker_Mannequin.uasset" 673
"C:/Users/Thai/Documents/GitHub/RedPlague/Content/AI/Enemies/Walker/Walker.uasset" 674
"C:/Users/Thai/Documents/GitHub/RedPlague/Content/AI/Enemies/Walker/Walker_FindTarget_BTT.uasset" 675
"C:/Users/Thai/Documents/GitHub/RedPlague/Content/AI/Enemies/Walker/Walker_BT.uasset" 676
"C:/Users/Thai/Documents/GitHub/RedPlague/Content/Geometry/Materials/GreenGlow.uasset" 677
"C:/Users/Thai/Documents/GitHub/RedPlague/Content/AI/Enemies/Hound.uasset" 678
"../../../Engine/Content/BasicShapes/BasicShapeMaterial.uasset" 679
"../../../Engine/Content/BasicShapes/Plane.uasset" 680
"C:/Users/Thai/Documents/GitHub/RedPlague/Content/Geometry/Meshes/Building_0.uasset" 681
"C:/Users/Thai/Documents/GitHub/RedPlague/Content/Geometry/Meshes/Building_1.uasset" 682
"C:/Users/Thai/Documents/GitHub/RedPlague/Content/Geometry/Meshes/Building_2.uasset" 683
"C:/Users/Thai/Documents/GitHub/RedPlague/Content/Geometry/Meshes/Building_3.uasset" 684
"C:/Users/Thai/Documents/GitHub/RedPlague/Content/Environment/Building_Master.uasset" 685
"C:/Users/Thai/Documents/GitHub/RedPlague/Content/Environment/Building_1.uasset" 686
"C:/Users/Thai/Documents/GitHub/RedPlague/Content/Environment/Building_2.uasset" 687
"C:/Users/Thai/Documents/GitHub/RedPlague/Content/Environment/Building_3.uasset" 688
"C:/Users/Thai/Documents/GitHub/RedPlague/Content/Environment/Building_4.uasset" 689
"C:/Users/Thai/Documents/GitHub/RedPlague/Content/Environment/Building_5.uasset" 690
"C:/Users/Thai/Documents/GitHub/RedPlague/Content/Environment/Building_6.uasset" 691
"C:/Users/Thai/Documents/GitHub/RedPlague/Content/UI/Main_Gamemode.uasset" 692
"C:/Users/Thai/Documents/GitHub/RedPlague/Content/ThirdPersonBP/Maps/Map1_BuiltData.uasset" 693
"C:/Users/Thai/Documents/GitHub/RedPlague/Content/Environment/map_test.uasset" 694
"C:/Users/Thai/Documents/GitHub/RedPlague/Content/Environment/map_decal.uasset" 695
"../../../Engine/Content/Functions/Engine_MaterialFunctions01/Shading/ConvertFromDiffSpec.uasset" 696
"../../../Engine/Content/EditorShellMaterials/T_Base.uasset" 697
"../../../Engine/Content/EditorShellMaterials/T_BaseOverlay.uasset" 698
"../../../Engine/Content/EditorShellMaterials/M_ShellMaster.uasset" 699
"../../../Engine/Content/EditorShellMaterials/WorldUVs/MI_Shell_32_WUV.uasset" 700
"../../../Engine/Content/BasicShapes/Cone.uasset" 701
"../../../Engine/Content/BasicShapes/Cube.uasset" 702
"../../../Engine/Content/BasicShapes/Cylinder.uasset" 703
"C:/Users/Thai/Documents/GitHub/RedPlague/Content/Geometry/Meshes/Car.uasset" 704
"C:/Users/Thai/Documents/GitHub/RedPlague/Content/Geometry/Meshes/TemplateFloor.uasset" 705
"C:/Users/Thai/Documents/GitHub/RedPlague/Content/StarterContent/Textures/T_Bush_D.uasset" 706
"C:/Users/Thai/Documents/GitHub/RedPlague/Content/StarterContent/Textures/T_Bush_N.uasset" 707
"C:/Users/Thai/Documents/GitHub/RedPlague/Content/StarterContent/Props/Materials/M_Bush.uasset" 708
"C:/Users/Thai/Documents/GitHub/RedPlague/Content/StarterContent/Props/SM_Bush.uasset" 709
"C:/Users/Thai/Documents/GitHub/RedPlague/Content/ThirdPersonBP/Maps/Map1.umap" 710
"../../../Engine/Content/Maps/Entry_BuiltData.uasset" 711
"../../../Engine/Content/Maps/Entry.umap" 712
